time="2021-09-09T12:29:25Z" level=fatal msg="dial tcp 172.23.0.2:5432: connect: connection refused"
time="2021-09-09T12:29:26Z" level=fatal msg="dial tcp 172.23.0.2:5432: connect: connection refused"
time="2021-09-09T12:29:27Z" level=info msg="gated listening on port :9000"
time="2021-09-09T12:29:31Z" level=info msg="shutting down gated"
time="2021-09-13T11:54:10Z" level=info msg="gated listening on port :9000"
time="2021-09-13T20:48:22Z" level=info msg="shutting down gated"
time="2021-09-13T21:49:23Z" level=info msg="gated listening on port :9000"
time="2021-09-13T21:50:58Z" level=info msg="shutting down gated"
time="2021-09-14T07:20:54Z" level=info msg="gated listening on port :9000"
time="2021-09-14T17:12:22Z" level=info msg="shutting down gated"
time="2021-09-14T20:48:18Z" level=fatal msg="pq: the database system is starting up"
time="2021-09-14T20:48:21Z" level=info msg="gated listening on port :9000"
time="2021-09-14T20:56:48Z" level=info msg="shutting down gated"
time="2021-09-23T14:17:13Z" level=fatal msg="dial tcp: lookup pg: Temporary failure in name resolution"
time="2021-09-23T14:17:14Z" level=fatal msg="dial tcp: lookup pg: Temporary failure in name resolution"
time="2021-09-23T14:17:15Z" level=fatal msg="dial tcp: lookup pg: Temporary failure in name resolution"
time="2021-09-23T14:17:16Z" level=fatal msg="dial tcp 172.23.0.2:5432: connect: connection refused"
time="2021-09-23T14:17:18Z" level=info msg="gated listening on port :9000"
time="2021-09-23T22:06:38Z" level=info msg="shutting down gated"
time="2021-09-24T05:33:35Z" level=info msg="gated listening on port :9000"
time="2021-09-24T17:07:53Z" level=info msg="shutting down gated"
time="2021-09-27T07:00:21Z" level=fatal msg="pq: the database system is starting up"
time="2021-09-27T07:00:24Z" level=info msg="gated listening on port :9000"
time="2021-09-28T12:21:52Z" level=info msg="shutting down gated"
time="2021-09-28T12:22:37Z" level=info msg="gated listening on port :9000"
time="2021-09-29T16:27:43Z" level=info msg="shutting down gated"
time="2021-09-30T06:37:41Z" level=fatal msg="pq: the database system is starting up"
time="2021-09-30T06:37:44Z" level=info msg="gated listening on port :9000"
time="2021-10-01T14:04:43Z" level=fatal msg="pq: the database system is starting up"
time="2021-10-01T14:04:45Z" level=info msg="gated listening on port :9000"
time="2021-10-01T20:24:30Z" level=fatal msg="dial tcp 172.23.0.2:5432: connect: connection refused"
time="2021-10-01T20:24:32Z" level=info msg="gated listening on port :9000"
time="2021-10-01T20:33:36Z" level=info msg="shutting down gated"
time="2021-10-04T08:12:00Z" level=fatal msg="dial tcp 172.23.0.3:5432: connect: connection refused"
time="2021-10-04T08:12:02Z" level=info msg="gated listening on port :9000"
time="2021-10-05T17:42:54Z" level=info msg="shutting down gated"
time="2021-10-06T06:45:53Z" level=info msg="gated listening on port :9000"
time="2021-10-07T18:47:13Z" level=info msg="shutting down gated"
time="2021-10-08T06:45:05Z" level=info msg="gated listening on port :9000"
time="2021-10-09T08:06:17Z" level=info msg="shutting down gated"
time="2021-10-10T07:55:57Z" level=info msg="gated listening on port :9000"
