0 info it worked if it ends with ok
1 verbose cli [
1 verbose cli   '/usr/bin/node',
1 verbose cli   '/usr/bin/npm',
1 verbose cli   'run',
1 verbose cli   'mocha:ts',
1 verbose cli   '--',
1 verbose cli   '--timeout',
1 verbose cli   '60000',
1 verbose cli   'test/*.ts'
1 verbose cli ]
2 info using npm@6.14.12
3 info using node@v12.22.1
4 verbose run-script [ 'premocha:ts', 'mocha:ts', 'postmocha:ts' ]
5 info lifecycle liquidjs-lib@5.1.13~premocha:ts: liquidjs-lib@5.1.13
6 info lifecycle liquidjs-lib@5.1.13~mocha:ts: liquidjs-lib@5.1.13
7 verbose lifecycle liquidjs-lib@5.1.13~mocha:ts: unsafe-perm in lifecycle true
8 verbose lifecycle liquidjs-lib@5.1.13~mocha:ts: PATH: /usr/lib/node_modules/npm/node_modules/npm-lifecycle/node-gyp-bin:/home/louis/vulpem/liquidjs-lib/node_modules/.bin:/usr/lib/node_modules/npm/node_modules/npm-lifecycle/node-gyp-bin:/home/louis/vulpem/liquidjs-lib/node_modules/.bin:/usr/lib/node_modules/npm/node_modules/npm-lifecycle/node-gyp-bin:/home/louis/vulpem/liquidjs-lib/node_modules/.bin:/home/louis/.gvm/pkgsets/go1.15.2/global/bin:/home/louis/.gvm/gos/go1.15.2/bin:/home/louis/.gvm/pkgsets/go1.15.2/global/overlay/bin:/home/louis/.gvm/bin:/home/louis/.gvm/bin:/opt/firefox/firefox:/usr/local/go/bin:/usr/bin:/home/louis/.gvm/pkgsets/go1.15.2/global/bin:/home/louis/.gvm/gos/go1.15.2/bin:/home/louis/.gvm/pkgsets/go1.15.2/global/overlay/bin:/home/louis/.gvm/bin:/home/louis/.gvm/bin:/opt/firefox/firefox:/usr/local/go/bin:/usr/bin:/home/louis/.local/bin:/home/louis/bin:/usr/local/sbin:/usr/local/bin:/usr/sbin:/usr/bin:/sbin:/bin:/usr/games:/usr/local/games:/snap/bin:/home/louis/bin:/home/louis/bin:/home/louis/bin:/home/louis/bin:/home/louis/bin:/home/louis/bin:/home/louis/bin:/home/louis/bin
9 verbose lifecycle liquidjs-lib@5.1.13~mocha:ts: CWD: /home/louis/vulpem/liquidjs-lib
10 silly lifecycle liquidjs-lib@5.1.13~mocha:ts: Args: [
10 silly lifecycle   '-c',
10 silly lifecycle   'mocha --recursive --require test/ts-node-register "--timeout" "60000" "test/*.ts"'
10 silly lifecycle ]
11 silly lifecycle liquidjs-lib@5.1.13~mocha:ts: Returned: code: 3  signal: null
12 info lifecycle liquidjs-lib@5.1.13~mocha:ts: Failed to exec mocha:ts script
13 verbose stack Error: liquidjs-lib@5.1.13 mocha:ts: `mocha --recursive --require test/ts-node-register "--timeout" "60000" "test/*.ts"`
13 verbose stack Exit status 3
13 verbose stack     at EventEmitter.<anonymous> (/usr/lib/node_modules/npm/node_modules/npm-lifecycle/index.js:332:16)
13 verbose stack     at EventEmitter.emit (events.js:314:20)
13 verbose stack     at ChildProcess.<anonymous> (/usr/lib/node_modules/npm/node_modules/npm-lifecycle/lib/spawn.js:55:14)
13 verbose stack     at ChildProcess.emit (events.js:314:20)
13 verbose stack     at maybeClose (internal/child_process.js:1022:16)
13 verbose stack     at Process.ChildProcess._handle.onexit (internal/child_process.js:287:5)
14 verbose pkgid liquidjs-lib@5.1.13
15 verbose cwd /home/louis/vulpem/liquidjs-lib
16 verbose Linux 5.8.0-55-generic
17 verbose argv "/usr/bin/node" "/usr/bin/npm" "run" "mocha:ts" "--" "--timeout" "60000" "test/*.ts"
18 verbose node v12.22.1
19 verbose npm  v6.14.12
20 error code ELIFECYCLE
21 error errno 3
22 error liquidjs-lib@5.1.13 mocha:ts: `mocha --recursive --require test/ts-node-register "--timeout" "60000" "test/*.ts"`
22 error Exit status 3
23 error Failed at the liquidjs-lib@5.1.13 mocha:ts script.
23 error This is probably not a problem with npm. There is likely additional logging output above.
24 verbose exit [ 3, true ]
