0 info it worked if it ends with ok
1 verbose cli [ '/usr/bin/node', '/usr/bin/npm', 'run', 'nobuild:unit' ]
2 info using npm@6.14.12
3 info using node@v12.22.1
4 verbose run-script [ 'prenobuild:unit', 'nobuild:unit', 'postnobuild:unit' ]
5 info lifecycle liquidjs-lib@5.1.13~prenobuild:unit: liquidjs-lib@5.1.13
6 info lifecycle liquidjs-lib@5.1.13~nobuild:unit: liquidjs-lib@5.1.13
7 verbose lifecycle liquidjs-lib@5.1.13~nobuild:unit: unsafe-perm in lifecycle true
8 verbose lifecycle liquidjs-lib@5.1.13~nobuild:unit: PATH: /usr/lib/node_modules/npm/node_modules/npm-lifecycle/node-gyp-bin:/home/louis/vulpem/liquidjs-lib/node_modules/.bin:/usr/lib/node_modules/npm/node_modules/npm-lifecycle/node-gyp-bin:/home/louis/vulpem/liquidjs-lib/node_modules/.bin:/home/louis/.gvm/pkgsets/go1.15.2/global/bin:/home/louis/.gvm/gos/go1.15.2/bin:/home/louis/.gvm/pkgsets/go1.15.2/global/overlay/bin:/home/louis/.gvm/bin:/home/louis/.gvm/bin:/opt/firefox/firefox:/usr/local/go/bin:/usr/bin:/home/louis/.gvm/pkgsets/go1.15.2/global/bin:/home/louis/.gvm/gos/go1.15.2/bin:/home/louis/.gvm/pkgsets/go1.15.2/global/overlay/bin:/home/louis/.gvm/bin:/home/louis/.gvm/bin:/opt/firefox/firefox:/usr/local/go/bin:/usr/bin:/home/louis/.local/bin:/home/louis/bin:/usr/local/sbin:/usr/local/bin:/usr/sbin:/usr/bin:/sbin:/bin:/usr/games:/usr/local/games:/snap/bin:/home/louis/bin:/home/louis/bin:/home/louis/bin:/home/louis/bin:/home/louis/bin:/home/louis/bin:/home/louis/bin:/home/louis/bin
9 verbose lifecycle liquidjs-lib@5.1.13~nobuild:unit: CWD: /home/louis/vulpem/liquidjs-lib
10 silly lifecycle liquidjs-lib@5.1.13~nobuild:unit: Args: [ '-c', "npm run mocha:ts -- --timeout 60000 'test/*.ts'" ]
11 silly lifecycle liquidjs-lib@5.1.13~nobuild:unit: Returned: code: 1  signal: null
12 info lifecycle liquidjs-lib@5.1.13~nobuild:unit: Failed to exec nobuild:unit script
13 verbose stack Error: liquidjs-lib@5.1.13 nobuild:unit: `npm run mocha:ts -- --timeout 60000 'test/*.ts'`
13 verbose stack Exit status 1
13 verbose stack     at EventEmitter.<anonymous> (/usr/lib/node_modules/npm/node_modules/npm-lifecycle/index.js:332:16)
13 verbose stack     at EventEmitter.emit (events.js:314:20)
13 verbose stack     at ChildProcess.<anonymous> (/usr/lib/node_modules/npm/node_modules/npm-lifecycle/lib/spawn.js:55:14)
13 verbose stack     at ChildProcess.emit (events.js:314:20)
13 verbose stack     at maybeClose (internal/child_process.js:1022:16)
13 verbose stack     at Process.ChildProcess._handle.onexit (internal/child_process.js:287:5)
14 verbose pkgid liquidjs-lib@5.1.13
15 verbose cwd /home/louis/vulpem/liquidjs-lib
16 verbose Linux 5.8.0-55-generic
17 verbose argv "/usr/bin/node" "/usr/bin/npm" "run" "nobuild:unit"
18 verbose node v12.22.1
19 verbose npm  v6.14.12
20 error code ELIFECYCLE
21 error errno 1
22 error liquidjs-lib@5.1.13 nobuild:unit: `npm run mocha:ts -- --timeout 60000 'test/*.ts'`
22 error Exit status 1
23 error Failed at the liquidjs-lib@5.1.13 nobuild:unit script.
23 error This is probably not a problem with npm. There is likely additional logging output above.
24 verbose exit [ 1, true ]
